0 info it worked if it ends with ok
1 verbose cli [ '/usr/local/bin/node', '/usr/local/bin/npm', 'run', 'release' ]
2 info using npm@4.1.2
3 info using node@v6.10.0
4 verbose run-script [ 'prerelease', 'release', 'postrelease' ]
5 info lifecycle rochus@1.0.0~prerelease: rochus@1.0.0
6 silly lifecycle rochus@1.0.0~prerelease: no script for prerelease, continuing
7 info lifecycle rochus@1.0.0~release: rochus@1.0.0
8 verbose lifecycle rochus@1.0.0~release: unsafe-perm in lifecycle true
9 verbose lifecycle rochus@1.0.0~release: PATH: /usr/local/lib/node_modules/npm/bin/node-gyp-bin:/Users/christoferolaison/isotop/code/lab/rochus/node_modules/.bin:/usr/local/bin:/usr/bin:/bin:/usr/sbin:/sbin:/usr/local/share/dotnet
10 verbose lifecycle rochus@1.0.0~release: CWD: /Users/christoferolaison/isotop/code/lab/rochus
11 silly lifecycle rochus@1.0.0~release: Args: [ '-c', 'np' ]
12 silly lifecycle rochus@1.0.0~release: Returned: code: 1  signal: null
13 info lifecycle rochus@1.0.0~release: Failed to exec release script
14 verbose stack Error: rochus@1.0.0 release: `np`
14 verbose stack Exit status 1
14 verbose stack     at EventEmitter.<anonymous> (/usr/local/lib/node_modules/npm/lib/utils/lifecycle.js:279:16)
14 verbose stack     at emitTwo (events.js:106:13)
14 verbose stack     at EventEmitter.emit (events.js:191:7)
14 verbose stack     at ChildProcess.<anonymous> (/usr/local/lib/node_modules/npm/lib/utils/spawn.js:40:14)
14 verbose stack     at emitTwo (events.js:106:13)
14 verbose stack     at ChildProcess.emit (events.js:191:7)
14 verbose stack     at maybeClose (internal/child_process.js:877:16)
14 verbose stack     at Process.ChildProcess._handle.onexit (internal/child_process.js:226:5)
15 verbose pkgid rochus@1.0.0
16 verbose cwd /Users/christoferolaison/isotop/code/lab/rochus
17 error Darwin 16.7.0
18 error argv "/usr/local/bin/node" "/usr/local/bin/npm" "run" "release"
19 error node v6.10.0
20 error npm  v4.1.2
21 error code ELIFECYCLE
22 error rochus@1.0.0 release: `np`
22 error Exit status 1
23 error Failed at the rochus@1.0.0 release script 'np'.
23 error Make sure you have the latest version of node.js and npm installed.
23 error If you do, this is most likely a problem with the rochus package,
23 error not with npm itself.
23 error Tell the author that this fails on your system:
23 error     np
23 error You can get information on how to open an issue for this project with:
23 error     npm bugs rochus
23 error Or if that isn't available, you can get their info via:
23 error     npm owner ls rochus
23 error There is likely additional logging output above.
24 verbose exit [ 1, true ]
